<?xml version="1.0" encoding="UTF-8"?>
<!-- Generated by org.testng.reporters.JUnitReportReporter -->
<testsuite hostname="Aminous129" failures="0" tests="1" name="Fev_21.DataProviderConcepts" time="0.000" errors="0" timestamp="2023-02-21T22:26:38 EST" skipped="1">
  <testcase classname="Fev_21.DataProviderConcepts" name="sampleTest" time="0.000">
    <skipped/>
  </testcase> <!-- sampleTest -->
  <system-out/>
</testsuite> <!-- Fev_21.DataProviderConcepts -->
