<?xml version="1.0" encoding="UTF-8"?>
<!-- Generated by org.testng.reporters.JUnitReportReporter -->
<testsuite hostname="Aminous129" failures="0" tests="2" name="March_1_2023.groups_test" time="0.006" errors="0" timestamp="2023-03-05T20:57:48 EST" skipped="0">
  <testcase classname="March_1_2023.groups_test" name="testcase1" time="0.005"/>
  <system-out/>
  <testcase classname="March_1_2023.groups_test" name="testcase4" time="0.001"/>
  <system-out/>
</testsuite> <!-- March_1_2023.groups_test -->
