<?xml version="1.0" encoding="UTF-8"?>
<!-- Generated by org.testng.reporters.JUnitReportReporter -->
<testsuite hostname="Aminous129" failures="0" tests="1" name="March_1_2023.Registration" time="0.001" errors="0" timestamp="2023-03-05T19:44:38 EST" skipped="0">
  <testcase classname="March_1_2023.Registration" name="registerTest" time="0.001"/>
  <system-out/>
</testsuite> <!-- March_1_2023.Registration -->
