<?xml version="1.0" encoding="UTF-8"?>
<!-- Generated by org.testng.reporters.JUnitReportReporter -->
<testsuite hostname="Aminous129" failures="0" tests="10" name="March_1_2023.InvalidCredentialTest" time="64.279" errors="0" timestamp="2023-03-05T21:41:28 EST" skipped="0">
  <testcase classname="March_1_2023.InvalidCredentialTest" name="incredtentials" time="5.902"/>
  <system-out/>
  <testcase classname="March_1_2023.InvalidCredentialTest" name="incredtentials" time="6.739"/>
  <system-out/>
  <testcase classname="March_1_2023.InvalidCredentialTest" name="incredtentials" time="5.859"/>
  <system-out/>
  <testcase classname="March_1_2023.InvalidCredentialTest" name="incredtentials" time="6.853"/>
  <system-out/>
  <testcase classname="March_1_2023.InvalidCredentialTest" name="incredtentials" time="5.994"/>
  <system-out/>
  <testcase classname="March_1_2023.InvalidCredentialTest" name="incredtentials" time="5.716"/>
  <system-out/>
  <testcase classname="March_1_2023.InvalidCredentialTest" name="incredtentials" time="5.892"/>
  <system-out/>
  <testcase classname="March_1_2023.InvalidCredentialTest" name="incredtentials" time="6.609"/>
  <system-out/>
  <testcase classname="March_1_2023.InvalidCredentialTest" name="incredtentials" time="7.337"/>
  <system-out/>
  <testcase classname="March_1_2023.InvalidCredentialTest" name="incredtentials" time="7.378"/>
  <system-out/>
</testsuite> <!-- March_1_2023.InvalidCredentialTest -->
