<?xml version="1.0" encoding="UTF-8"?>
<!-- Generated by org.testng.reporters.JUnitReportReporter -->
<testsuite hostname="Aminous129" failures="0" tests="1" name="Rediff_TestNG" time="17.889" errors="0" timestamp="2023-01-31T22:20:45 EST" skipped="0">
  <testcase classname="Rediff_TestNG" name="clickOnSignIn" time="17.889"/>
  <system-out/>
</testsuite> <!-- Rediff_TestNG -->
