<?xml version="1.0" encoding="UTF-8"?>
<!-- Generated by org.testng.reporters.JUnitReportReporter -->
<testsuite hostname="Aminous129" failures="0" tests="4" name="com.tutorial.qa.testcases.SearchProductTest" time="24.443" errors="0" timestamp="2023-04-27T14:26:19 EDT" skipped="0">
  <testcase classname="com.tutorial.qa.testcases.SearchProductTest" name="SearchExistingProduct" time="6.005"/>
  <system-out/>
  <testcase classname="com.tutorial.qa.testcases.SearchProductTest" name="SearchNonExistingProduct" time="6.314"/>
  <system-out/>
  <testcase classname="com.tutorial.qa.testcases.SearchProductTest" name="SearchAnythingProduct" time="5.824"/>
  <system-out/>
  <testcase classname="com.tutorial.qa.testcases.SearchProductTest" name="SearchMultipleExistingProduct" time="6.300"/>
  <system-out/>
</testsuite> <!-- com.tutorial.qa.testcases.SearchProductTest -->
