<?xml version="1.0" encoding="UTF-8"?>
<!-- Generated by org.testng.reporters.JUnitReportReporter -->
<testsuite hostname="Aminous129" failures="0" tests="5" name="March_1_2023.TimeConcepts" time="44.061" errors="0" timestamp="2023-03-05T20:43:11 EST" skipped="0">
  <testcase classname="March_1_2023.TimeConcepts" name="DemoLogin" time="6.913"/>
  <system-out/>
  <testcase classname="March_1_2023.TimeConcepts" name="DemoLogin" time="12.189"/>
  <system-out/>
  <testcase classname="March_1_2023.TimeConcepts" name="DemoLogin" time="6.574"/>
  <system-out/>
  <testcase classname="March_1_2023.TimeConcepts" name="DemoLogin" time="7.109"/>
  <system-out/>
  <testcase classname="March_1_2023.TimeConcepts" name="DemoLogin" time="11.276"/>
  <system-out/>
</testsuite> <!-- March_1_2023.TimeConcepts -->
