<?xml version="1.0" encoding="UTF-8"?>
<!-- Generated by org.testng.reporters.JUnitReportReporter -->
<testsuite hostname="Aminous129" failures="0" tests="1" name="TestNGAutomation.Screenshot" time="15.353" errors="0" timestamp="2023-02-15T22:28:01 EST" skipped="0">
  <testcase classname="TestNGAutomation.Screenshot" name="openBrowseer" time="15.353"/>
  <system-out/>
</testsuite> <!-- TestNGAutomation.Screenshot -->
