<?xml version="1.0" encoding="UTF-8"?>
<!-- Generated by org.testng.reporters.JUnitReportReporter -->
<testsuite hostname="Aminous129" failures="0" tests="1" name="com.tutorial.qa.testcases.LoginTest" time="7.762" errors="0" timestamp="2023-04-27T14:27:59 EDT" skipped="0">
  <testcase classname="com.tutorial.qa.testcases.LoginTest" name="verifyTutorialLoginWithEmptyUsernameAndValidPassword" time="7.762"/>
  <system-out/>
</testsuite> <!-- com.tutorial.qa.testcases.LoginTest -->
