<?xml version="1.0" encoding="UTF-8"?>
<!-- Generated by org.testng.reporters.JUnitReportReporter -->
<testsuite hostname="Aminous129" failures="0" tests="3" name="TestNGAutomation.Automation_TestNG" time="0.016" errors="0" timestamp="2023-01-31T21:54:15 EST" skipped="0">
  <testcase classname="TestNGAutomation.Automation_TestNG" name="testcase1" time="0.010"/>
  <system-out/>
  <testcase classname="TestNGAutomation.Automation_TestNG" name="testcase2" time="0.004"/>
  <system-out/>
  <testcase classname="TestNGAutomation.Automation_TestNG" name="testcase3" time="0.002"/>
  <system-out/>
</testsuite> <!-- TestNGAutomation.Automation_TestNG -->
